<?xml version="1.0" encoding="UTF-8"?>
<testng-results skipped="0" failed="1" ignored="0" total="2" passed="1">
  <reporter-output>
  </reporter-output>
  <suite name="test" duration-ms="25" started-at="2019-10-06T03:43:45Z" finished-at="2019-10-06T03:43:45Z">
    <groups>
    </groups>
    <test name="飘摇的接口测试套件" duration-ms="25" started-at="2019-10-06T03:43:45Z" finished-at="2019-10-06T03:43:45Z">
      <class name="com.course.demo.TestDemo">
        <test-method status="PASS" signature="beforeSuite()[pri:0, instance:com.course.demo.TestDemo@1e643faf]" name="beforeSuite" is-config="true" duration-ms="6" started-at="2019-10-06T11:43:45Z" finished-at="2019-10-06T11:43:45Z">
          <reporter-output>
          </reporter-output>
        </test-method> <!-- beforeSuite -->
        <test-method status="PASS" signature="beforeTest()[pri:0, instance:com.course.demo.TestDemo@1e643faf]" name="beforeTest" is-config="true" duration-ms="0" started-at="2019-10-06T11:43:45Z" finished-at="2019-10-06T11:43:45Z">
          <reporter-output>
          </reporter-output>
        </test-method> <!-- beforeTest -->
        <test-method status="PASS" signature="beforeClass()[pri:0, instance:com.course.demo.TestDemo@1e643faf]" name="beforeClass" is-config="true" duration-ms="0" started-at="2019-10-06T11:43:45Z" finished-at="2019-10-06T11:43:45Z">
          <reporter-output>
          </reporter-output>
        </test-method> <!-- beforeClass -->
        <test-method status="PASS" signature="testcase1()[pri:0, instance:com.course.demo.TestDemo@1e643faf]" name="testcase1" duration-ms="1" started-at="2019-10-06T11:43:45Z" finished-at="2019-10-06T11:43:45Z">
          <reporter-output>
          </reporter-output>
        </test-method> <!-- testcase1 -->
        <test-method status="PASS" signature="beforeMethod()[pri:0, instance:com.course.demo.TestDemo@1e643faf]" name="beforeMethod" is-config="true" duration-ms="0" started-at="2019-10-06T11:43:45Z" finished-at="2019-10-06T11:43:45Z">
          <reporter-output>
          </reporter-output>
        </test-method> <!-- beforeMethod -->
        <test-method status="PASS" signature="afterMethod()[pri:0, instance:com.course.demo.TestDemo@1e643faf]" name="afterMethod" is-config="true" duration-ms="0" started-at="2019-10-06T11:43:45Z" finished-at="2019-10-06T11:43:45Z">
          <reporter-output>
          </reporter-output>
        </test-method> <!-- afterMethod -->
        <test-method status="PASS" signature="beforeMethod()[pri:0, instance:com.course.demo.TestDemo@1e643faf]" name="beforeMethod" is-config="true" duration-ms="0" started-at="2019-10-06T11:43:45Z" finished-at="2019-10-06T11:43:45Z">
          <reporter-output>
          </reporter-output>
        </test-method> <!-- beforeMethod -->
        <test-method status="FAIL" signature="testcase2()[pri:0, instance:com.course.demo.TestDemo@1e643faf]" name="testcase2" duration-ms="2" started-at="2019-10-06T11:43:45Z" finished-at="2019-10-06T11:43:45Z">
          <exception class="java.lang.AssertionError">
            <message>
              <![CDATA[expected [2] but found [1]]]>
            </message>
            <full-stacktrace>
              <![CDATA[java.lang.AssertionError: expected [2] but found [1]
	at org.testng.Assert.fail(Assert.java:94)
	at org.testng.Assert.failNotEquals(Assert.java:513)
	at org.testng.Assert.assertEqualsImpl(Assert.java:135)
	at org.testng.Assert.assertEquals(Assert.java:116)
	at org.testng.Assert.assertEquals(Assert.java:389)
	at org.testng.Assert.assertEquals(Assert.java:399)
	at com.course.demo.TestDemo.testcase2(TestDemo.java:17)
	at sun.reflect.NativeMethodAccessorImpl.invoke0(Native Method)
	at sun.reflect.NativeMethodAccessorImpl.invoke(NativeMethodAccessorImpl.java:62)
	at sun.reflect.DelegatingMethodAccessorImpl.invoke(DelegatingMethodAccessorImpl.java:43)
	at java.lang.reflect.Method.invoke(Method.java:498)
	at org.testng.internal.MethodInvocationHelper.invokeMethod(MethodInvocationHelper.java:104)
	at org.testng.internal.Invoker.invokeMethod(Invoker.java:645)
	at org.testng.internal.Invoker.invokeTestMethod(Invoker.java:851)
	at org.testng.internal.Invoker.invokeTestMethods(Invoker.java:1177)
	at org.testng.internal.TestMethodWorker.invokeTestMethods(TestMethodWorker.java:129)
	at org.testng.internal.TestMethodWorker.run(TestMethodWorker.java:112)
	at org.testng.TestRunner.privateRun(TestRunner.java:756)
	at org.testng.TestRunner.run(TestRunner.java:610)
	at org.testng.SuiteRunner.runTest(SuiteRunner.java:387)
	at org.testng.SuiteRunner.runSequentially(SuiteRunner.java:382)
	at org.testng.SuiteRunner.privateRun(SuiteRunner.java:340)
	at org.testng.SuiteRunner.run(SuiteRunner.java:289)
	at org.testng.SuiteRunnerWorker.runSuite(SuiteRunnerWorker.java:52)
	at org.testng.SuiteRunnerWorker.run(SuiteRunnerWorker.java:86)
	at org.testng.TestNG.runSuitesSequentially(TestNG.java:1293)
	at org.testng.TestNG.runSuitesLocally(TestNG.java:1218)
	at org.testng.TestNG.runSuites(TestNG.java:1133)
	at org.testng.TestNG.run(TestNG.java:1104)
	at org.apache.maven.surefire.testng.TestNGExecutor.run(TestNGExecutor.java:74)
	at org.apache.maven.surefire.testng.TestNGXmlTestSuite.execute(TestNGXmlTestSuite.java:93)
	at org.apache.maven.surefire.testng.TestNGProvider.invoke(TestNGProvider.java:101)
	at sun.reflect.NativeMethodAccessorImpl.invoke0(Native Method)
	at sun.reflect.NativeMethodAccessorImpl.invoke(NativeMethodAccessorImpl.java:62)
	at sun.reflect.DelegatingMethodAccessorImpl.invoke(DelegatingMethodAccessorImpl.java:43)
	at java.lang.reflect.Method.invoke(Method.java:498)
	at org.apache.maven.surefire.booter.ProviderFactory$ClassLoaderProxy.invoke(ProviderFactory.java:103)
	at com.sun.proxy.$Proxy0.invoke(Unknown Source)
	at org.apache.maven.surefire.booter.SurefireStarter.invokeProvider(SurefireStarter.java:145)
	at org.apache.maven.surefire.booter.SurefireStarter.runSuitesInProcess(SurefireStarter.java:87)
	at org.apache.maven.surefire.booter.ForkedBooter.main(ForkedBooter.java:69)
]]>
            </full-stacktrace>
          </exception> <!-- java.lang.AssertionError -->
          <reporter-output>
          </reporter-output>
        </test-method> <!-- testcase2 -->
        <test-method status="PASS" signature="afterMethod()[pri:0, instance:com.course.demo.TestDemo@1e643faf]" name="afterMethod" is-config="true" duration-ms="0" started-at="2019-10-06T11:43:45Z" finished-at="2019-10-06T11:43:45Z">
          <reporter-output>
          </reporter-output>
        </test-method> <!-- afterMethod -->
        <test-method status="PASS" signature="afterClass()[pri:0, instance:com.course.demo.TestDemo@1e643faf]" name="afterClass" is-config="true" duration-ms="0" started-at="2019-10-06T11:43:45Z" finished-at="2019-10-06T11:43:45Z">
          <reporter-output>
          </reporter-output>
        </test-method> <!-- afterClass -->
        <test-method status="PASS" signature="afterTest()[pri:0, instance:com.course.demo.TestDemo@1e643faf]" name="afterTest" is-config="true" duration-ms="1" started-at="2019-10-06T11:43:45Z" finished-at="2019-10-06T11:43:45Z">
          <reporter-output>
          </reporter-output>
        </test-method> <!-- afterTest -->
        <test-method status="PASS" signature="AfterSuite()[pri:0, instance:com.course.demo.TestDemo@1e643faf]" name="AfterSuite" is-config="true" duration-ms="1" started-at="2019-10-06T11:43:45Z" finished-at="2019-10-06T11:43:45Z">
          <reporter-output>
          </reporter-output>
        </test-method> <!-- AfterSuite -->
      </class> <!-- com.course.demo.TestDemo -->
    </test> <!-- 飘摇的接口测试套件 -->
  </suite> <!-- test -->
</testng-results>
